[14:17:12] [Server thread/INFO]: kaminpum[/49.228.68.130:56082] logged in with entity id 1464464 at (190.4600560763691, 89.5, -330.8107018400235)
[14:17:12] [Server thread/INFO]: kaminpum joined the game
[14:17:55] [Server thread/INFO]: kaminpum lost connection: Timed out
[14:17:55] [Server thread/INFO]: kaminpum left the game
[14:17:59] [Server thread/INFO]: kaminpum[/49.228.68.130:56089] logged in with entity id 1465301 at (195.07499998807907, 88.0, -329.92500001192093)
[14:17:59] [Server thread/INFO]: kaminpum joined the game
[15:06:36] [Server thread/INFO]: kaminpum lost connection: Disconnected
[15:06:36] [Server thread/INFO]: kaminpum left the game
[15:43:15] [Server thread/INFO]: ratwc[/124.120.8.222:49296] logged in with entity id 1476639 at (195.76916305690946, 88.0, -329.07499998807907)
[15:43:15] [Server thread/INFO]: ratwc joined the game
[15:46:56] [Server thread/INFO]: Rocketeer1806[/171.5.229.187:4641] logged in with entity id 1478119 at (239.2763383538856, 85.0, -371.2920281177189)
[15:46:56] [Server thread/INFO]: Rocketeer1806 joined the game
[15:47:23] [Server thread/WARN]: Can't keep up! Is the server overloaded? Running 2001ms or 40 ticks behind
[15:48:45] [Server thread/INFO]: Rocketeer1806 has made the advancement [Planting the Past]
[15:48:48] [Server thread/INFO]: ratwc has made the advancement [Planting the Past]
[15:57:59] [Server thread/INFO]: kaminpum[/49.228.68.130:56935] logged in with entity id 1480377 at (39.69999998807907, 15.0, -315.30000001192093)
[15:57:59] [Server thread/INFO]: kaminpum joined the game
[15:58:03] [Server thread/WARN]: Can't keep up! Is the server overloaded? Running 2019ms or 40 ticks behind
[16:00:18] [Server thread/WARN]: Can't keep up! Is the server overloaded? Running 2076ms or 41 ticks behind
[16:00:42] [Server thread/WARN]: Can't keep up! Is the server overloaded? Running 8578ms or 171 ticks behind
[16:09:25] [Server thread/INFO]: kaminpum has made the advancement [Planting the Past]
[16:11:42] [Server thread/WARN]: Can't keep up! Is the server overloaded? Running 2038ms or 40 ticks behind
[16:11:59] [Server thread/WARN]: Can't keep up! Is the server overloaded? Running 2122ms or 42 ticks behind
[16:47:58] [Server thread/WARN]: Can't keep up! Is the server overloaded? Running 2021ms or 40 ticks behind
[16:51:12] [Server thread/WARN]: Boat (vehicle of kaminpum) moved wrongly! 1.7424107185872488
[16:51:14] [Server thread/WARN]: Boat (vehicle of kaminpum) moved wrongly! 1.8269540574571153
[16:51:20] [Server thread/WARN]: Boat (vehicle of Rocketeer1806) moved wrongly! 1.375
[16:51:20] [Server thread/WARN]: Boat (vehicle of Rocketeer1806) moved wrongly! 1.375
[16:51:24] [Server thread/WARN]: Boat (vehicle of kaminpum) moved wrongly! 1.375
[16:51:25] [Server thread/WARN]: Boat (vehicle of kaminpum) moved wrongly! 1.375
[16:51:27] [Server thread/WARN]: Boat (vehicle of kaminpum) moved wrongly! 1.3897319801318941
[16:51:30] [Server thread/WARN]: Boat (vehicle of kaminpum) moved wrongly! 1.3768539295916469
[16:51:30] [Server thread/WARN]: Boat (vehicle of kaminpum) moved wrongly! 1.3772710637767034
[16:51:34] [Server thread/WARN]: Boat (vehicle of kaminpum) moved wrongly! 1.5778877017112958
[16:51:35] [Server thread/WARN]: Boat (vehicle of kaminpum) moved wrongly! 1.375
[16:51:36] [Server thread/WARN]: Boat (vehicle of kaminpum) moved wrongly! 1.375
[16:51:37] [Server thread/WARN]: Boat (vehicle of kaminpum) moved wrongly! 1.3758848287544019
[16:51:37] [Server thread/WARN]: Boat (vehicle of kaminpum) moved wrongly! 1.3758848287544019
[16:51:37] [Server thread/WARN]: Boat (vehicle of kaminpum) moved wrongly! 1.3758848287544019
[16:51:37] [Server thread/WARN]: Boat (vehicle of kaminpum) moved wrongly! 1.3758848287544019
[16:51:37] [Server thread/WARN]: Boat (vehicle of kaminpum) moved wrongly! 1.3758848287544019
[16:51:38] [Server thread/WARN]: Boat (vehicle of Rocketeer1806) moved wrongly! 1.375
[16:51:38] [Server thread/WARN]: Boat (vehicle of kaminpum) moved wrongly! 1.375
[16:51:38] [Server thread/WARN]: Boat (vehicle of Rocketeer1806) moved wrongly! 1.375
[16:51:40] [Server thread/WARN]: Boat (vehicle of Rocketeer1806) moved wrongly! 1.5195716891688562
[16:51:40] [Server thread/WARN]: Boat (vehicle of kaminpum) moved wrongly! 1.375
[16:58:29] [Server thread/WARN]: Boat (vehicle of ratwc) moved wrongly! 1.5195716891688562
[16:59:52] [Server thread/INFO]: mboon[/49.228.37.231:56706] logged in with entity id 1504891 at (269.5, 71.0, -364.5)
[16:59:52] [Server thread/INFO]: mboon joined the game
[17:05:03] [Server thread/WARN]: Can't keep up! Is the server overloaded? Running 2046ms or 40 ticks behind
[17:05:24] [Server thread/WARN]: Can't keep up! Is the server overloaded? Running 2025ms or 40 ticks behind
[17:05:41] [Server thread/WARN]: Can't keep up! Is the server overloaded? Running 2823ms or 56 ticks behind
[17:07:08] [Server thread/WARN]: Can't keep up! Is the server overloaded? Running 2002ms or 40 ticks behind
[17:07:37] [Server thread/WARN]: Can't keep up! Is the server overloaded? Running 2036ms or 40 ticks behind
[17:07:55] [Server thread/WARN]: Can't keep up! Is the server overloaded? Running 2007ms or 40 ticks behind
[17:08:13] [Server thread/WARN]: Can't keep up! Is the server overloaded? Running 3256ms or 65 ticks behind
[17:08:33] [Server thread/WARN]: Can't keep up! Is the server overloaded? Running 4700ms or 94 ticks behind
[17:08:50] [Server thread/WARN]: Can't keep up! Is the server overloaded? Running 2591ms or 51 ticks behind
[17:08:52] [Server thread/INFO]: kaminpum lost connection: Disconnected
[17:08:52] [Server thread/INFO]: kaminpum left the game
[17:09:58] [Server thread/INFO]: kaminpum[/49.228.68.130:58253] logged in with entity id 1509425 at (233.80426240730353, 84.41999998688698, -349.15853429644375)
[17:09:58] [Server thread/INFO]: kaminpum joined the game
[17:09:59] [Server thread/WARN]: Can't keep up! Is the server overloaded? Running 2001ms or 40 ticks behind
[17:10:17] [Server thread/WARN]: Can't keep up! Is the server overloaded? Running 2296ms or 45 ticks behind
[17:10:50] [Server thread/INFO]: [mboon: Set own game mode to Creative Mode]
[17:11:49] [Server thread/WARN]: Can't keep up! Is the server overloaded? Running 2018ms or 40 ticks behind
[17:12:54] [Server thread/INFO]: [mboon: Set own game mode to Survival Mode]
[17:16:12] [Server thread/INFO]: mboon has made the advancement [Smells Interesting]
[17:18:04] [Server thread/WARN]: Can't keep up! Is the server overloaded? Running 2008ms or 40 ticks behind
[17:20:09] [Server thread/WARN]: Can't keep up! Is the server overloaded? Running 2009ms or 40 ticks behind
[17:21:11] [Server thread/INFO]: kaminpum lost connection: Disconnected
[17:21:11] [Server thread/INFO]: kaminpum left the game
[17:21:37] [Server thread/INFO]: mboon lost connection: Disconnected
[17:21:37] [Server thread/INFO]: mboon left the game
[17:21:43] [Server thread/INFO]: ratwc lost connection: Disconnected
[17:21:43] [Server thread/INFO]: ratwc left the game
[17:21:51] [Server thread/INFO]: Rocketeer1806 lost connection: Disconnected
[17:21:51] [Server thread/INFO]: Rocketeer1806 left the game
